1613424921405	geckodriver	INFO	Listening on 127.0.0.1:50790
1613424924496	mozrunner::runner	INFO	Running command: "C:\\Program Files\\Mozilla Firefox\\firefox.exe" "--marionette" "-foreground" "-no-remote" "-profile" "C:\\Users\\igorb\\AppData\\Local\\Temp\\rust_mozprofiletarCXD"
console.warn: SearchSettings: "get: No settings file exists, new profile?" (new Error("", "(unknown module)"))
console.warn: SearchSettings: "get: No settings file exists, new profile?" (new Error("", "(unknown module)"))
1613424929920	Marionette	INFO	Listening on port 50798
1613424930369	Marionette	WARN	TLS certificate errors will be ignored for this session
1613424930405	Marionette	ERROR	[15] No reply from Marionette:Register
1613424930989	Marionette	ERROR	[33] No reply from Marionette:Register
1613424941624	Marionette	INFO	Stopped listening on port 50798

###!!! [Child][RunMessage] Error: Channel closing: too late to send/recv, messages will be lost

1613425168249	geckodriver	INFO	Listening on 127.0.0.1:50864
1613425171289	mozrunner::runner	INFO	Running command: "C:\\Program Files\\Mozilla Firefox\\firefox.exe" "--marionette" "-foreground" "-no-remote" "-profile" "C:\\Users\\igorb\\AppData\\Local\\Temp\\rust_mozprofilenDQvbH"
console.warn: SearchSettings: "get: No settings file exists, new profile?" (new Error("", "(unknown module)"))
console.warn: SearchSettings: "get: No settings file exists, new profile?" (new Error("", "(unknown module)"))
1613425178447	Marionette	INFO	Listening on port 50872
1613425178847	Marionette	WARN	TLS certificate errors will be ignored for this session
1613425178881	Marionette	ERROR	[15] No reply from Marionette:Register
1613425179453	Marionette	ERROR	[33] No reply from Marionette:Register
SourceActor threw an exception: [Exception... "Component returned failure code: 0x80470002 (NS_BASE_STREAM_CLOSED) [nsIInputStream.available]"  nsresult: "0x80470002 (NS_BASE_STREAM_CLOSED)"  location: "JS frame :: resource://devtools/shared/DevToolsUtils.js :: onResponse :: line 567"  data: no]
Stack: onResponse@resource://devtools/shared/DevToolsUtils.js:567:34
onStopRequest@resource://gre/modules/NetUtil.jsm:128:18
Line: 567, column: 0
console.error: ({})
JavaScript error: resource://devtools/shared/DevToolsUtils.js, line 567: NS_BASE_STREAM_CLOSED: Component returned failure code: 0x80470002 (NS_BASE_STREAM_CLOSED) [nsIInputStream.available]
IPDL protocol error: Handler returned error code!

###!!! [Parent][DispatchAsyncMessage] Error: PLayerTransaction::Msg_ReleaseLayer Processing error: message was deserialized, but the handler returned false (indicating failure)

IPDL protocol error: Handler returned error code!

###!!! [Parent][DispatchAsyncMessage] Error: PLayerTransaction::Msg_ReleaseLayer Processing error: message was deserialized, but the handler returned false (indicating failure)

IPDL protocol error: Handler returned error code!

###!!! [Parent][DispatchAsyncMessage] Error: PLayerTransaction::Msg_ReleaseLayer Processing error: message was deserialized, but the handler returned false (indicating failure)

IPDL protocol error: Handler returned error code!

###!!! [Parent][DispatchAsyncMessage]console.log: WebExtensions: reset-default-search: No addons in our list are installed.
1613425900992	Marionette	INFO	Stopped listening on port 50962

###!!! [Child][RunMessage] Error: Channel closing: too late to send/recv, messages will be lost

action::Msg_ReleaseLayer Processing error: message was deserialized, but the handler returned false (indicating failure)

IPDL protocol error: Handler returned error code!

###!!! [Parent][DispatchAsyncMessage] Error: PLayerTransaction::Msg_ReleaseLayer Processing error: message was deserialized, but the handler returned false (indicating failure)

[Child 520, IPC I/O Child] WARNING: pipe error: 232: file /builds/worker/checkouts/gecko/ipc/chromium/src/chrome/common/ipc_channel_win.cc:545
[Child 520, IPC I/O Child] WARNING: pipe error: 232: file /builds/worker/checkouts/gecko/ipc/chromium/src/chrome/common/ipc_channel_win.cc:545
1613425466556	Marionette	INFO	Stopped listening on port 50872

###!!! [Child][RunMessage] Error: Channel closing: too late to send/recv, messages will be lost

1613425792916	geckodriver	INFO	Listening on 127.0.0.1:51125
1613425795988	mozrunner::runner	INFO	Running command: "C:\\Program Files\\Mozilla Firefox\\firefox.exe" "--marionette" "-foreground" "-no-remote" "-profile" "C:\\Users\\igorb\\AppData\\Local\\Temp\\rust_mozprofilePCRng6"
console.warn: SearchSettings: "get: No settings file exists, new profile?" (new Error("", "(unknown module)"))
console.warn: SearchSettings: "get: No settings file exists, new profile?" (new Error("", "(unknown module)"))
1613425800900	Marionette	INFO	Listening on port 51133
1613425801384	Marionette	WARN	TLS certificate errors will be ignored for this session
1613425801419	Marionette	ERROR	[15] No reply from Marionette:Register
1613425802056	Marionette	ERROR	[33] No reply from Marionette:Register
console.log: WebExtensions: reset-default-search: No addons in our list are installed.
Handler function threw an exception: [Exception... "Component returned failure code: 0x80040111 (NS_ERROR_NOT_AVAILABLE) [nsIHttpChannelInternal.remoteAddress]"  nsresult: "0x80040111 (NS_ERROR_NOT_AVAILABLE)"  location: "JS frame :: resource://devtools/server/actors/network-monitor/network-observer.js :: _onResponseHeader :: line 1163"  data: no]
Stack: _onResponseHeader@resource://devtools/server/actors/network-monitor/network-observer.js:1163:5
_dispatchActivity@resource://devtools/server/actors/network-monitor/network-observer.js:629:14
NetworkObserver.prototype.observeActivity<@resource://devtools/server/actors/network-monitor/network-observer.js:738:12
exports.makeInfallible/<@resource://devtools/shared/ThreadSafeDevToolsUtils.js:103:22
Line: 1163, column: 0
console.error: ({})
Handler function threw an exception: TypeError: undefined has no properties
Stack: _getWaitTiming@resource://devtools/server/actors/network-monitor/network-observer.js:1262:1
_setupHarTimings@resource://devtools/server/actors/network-monitor/network-observer.js:1487:28
_onTransactionClose@resource://devtools/server/actors/network-monitor/network-observer.js:1210:27
_dispatchActivity@resource://devtools/server/actors/network-monitor/network-observer.js:632:14
NetworkObserver.prototype.observeActivity<@resource://devtools/server/actors/network-monitor/network-observer.js:738:12
exports.makeInfallible/<@resource://devtools/shared/ThreadSafeDevToolsUtils.js:103:22
Line: 1262, column: 1
console.error: (new TypeError("undefined has no properties", "resource://devtools/server/actors/network-monitor/network-observer.js", 1262))
IPDL protocol error: Handler returned error code!

###!!! [Parent][DispatchAsyncMessage] Error: PLayerTransaction::Msg_ReleaseLayer Processing error: message was deserialized, but the handler returned false (indicating failure)

IPDL protocol error: Handler returned error code!

###!!! [Parent][DispatchAsyncMessage] Error: PLayerTransaction::Msg_ReleaseLayer Processing error: message was deserialized, but the handler returned false (indicating failure)

IPDL protocol error: Handler returned error code!

###!!! [Parent][DispatchAsyncMessage] Error: PLayerTransaction::Msg_ReleaseLayer Processing error: message was deserialized, but the handler returned false (indicating failure)

IPDL protocol error: Handler returned error code!

###!!! [Parent][DispatchAsyncMessage] Error: PLayerTransaction::Msg_ReleaseLayer Processing error: message was deserialized, but the handler returned false (indicating failure)

IPDL protocol error: Handler returned error code!

###!!! [Parent][DispatchAsyncMessage] Error: PLayerTransaction::Msg_ReleaseLayer Processing error: message was deserialized, but the handler returned false (indicating failure)

IPDL protocol error: Handler returned error code!

###!!! [Parent][DispatchAsyncMessage] Error: PLayerTransaction::Msg_ReleaseLayer Processing error: message was deserialized, but the handler returned false (indicating failure)

1613426989089	Marionette	INFO	Stopped listening on port 51133

###!!! [Child][RunMessage] Error: Channel closing: too late to send/recv, messages will be lost

1613427079481	geckodriver	INFO	Listening on 127.0.0.1:51285
1613427082526	mozrunner::runner	INFO	Running command: "C:\\Program Files\\Mozilla Firefox\\firefox.exe" "--marionette" "-foreground" "-no-remote" "-profile" "C:\\Users\\igorb\\AppData\\Local\\Temp\\rust_mozprofileLi8lPn"
console.warn: SearchSettings: "get: No settings file exists, new profile?" (new Error("", "(unknown module)"))
console.warn: SearchSettings: "get: No settings file exists, new profile?" (new Error("", "(unknown module)"))
1613427087378	Marionette	INFO	Listening on port 51293
1613427087892	Marionette	WARN	TLS certificate errors will be ignored for this session
1613427087923	Marionette	ERROR	[15] No reply from Marionette:Register
1613427088713	Marionette	ERROR	[33] No reply from Marionette:Register
1613427221686	Marionette	INFO	Stopped listening on port 51293

###!!! [Child][RunMessage] Error: Channel closing: too late to send/recv, messages will be lost

[Parent 10180, IPC I/O Parent] WARNING: pipe error: 232: file /builds/worker/checkouts/gecko/ipc/chromium/src/chrome/common/ipc_channel_win.cc:545
get: No settings file exists, new profile?" (new Error("", "(unknown module)"))
console.warn: SearchSettings: "get: No settings file exists, new profile?" (new Error("", "(unknown module)"))
1613427152748	Marionette	INFO	Listening on port 51386
1613427152864	Marionette	WARN	TLS certificate errors will be ignored for this session
1613427152895	Marionette	ERROR	[15] No reply from Marionette:Register
1613427153432	Marionette	ERROR	[33] No reply from Marionette:Register
1613427408474	Marionette	INFO	Stopped listening on port 51386

###!!! [Child][RunMessage] Error: Channel closing: too late to send/recv, messages will be lost

"--marionette" "-foreground" "-no-remote" "-profile" "C:\\Users\\igorb\\AppData\\Local\\Temp\\rust_mozprofile4n1Liy"
console.warn: SearchSettings: "get: No settings file exists, new profile?" (new Error("", "(unknown module)"))
console.warn: SearchSettings: "get: No settings file exists, new profile?" (new Error("", "(unknown module)"))
1613427400276	Marionette	INFO	Listening on port 51463
1613427400493	Marionette	WARN	TLS certificate errors will be ignored for this session
1613427400530	Marionette	ERROR	[15] No reply from Marionette:Register
1613427401071	Marionette	ERROR	[33] No reply from Marionette:Register
console.log: WebExtensions: reset-default-search: No addons in our list are installed.
